app/build/intermediates/manifest_merge_blame_file/debug/manifest-merger-blame-debug-report.txt
1<?xml version="1.0" encoding="utf-8"?>
2<manifest xmlns:android="http://schemas.android.com/apk/res/android"
3    package="com.gearboard"
4    android:versionCode="1"
5    android:versionName="1.0.0" >
6
7    <uses-sdk
8        android:minSdkVersion="29"
9        android:targetSdkVersion="34" />
10
11    <!-- Bluetooth permissions -->
12    <uses-permission
12-->src/main/AndroidManifest.xml:6:5-7:38
13        android:name="android.permission.BLUETOOTH"
13-->src/main/AndroidManifest.xml:6:22-65
14        android:maxSdkVersion="30" />
14-->src/main/AndroidManifest.xml:7:9-35
15    <uses-permission
15-->src/main/AndroidManifest.xml:8:5-9:38
16        android:name="android.permission.BLUETOOTH_ADMIN"
16-->src/main/AndroidManifest.xml:8:22-71
17        android:maxSdkVersion="30" />
17-->src/main/AndroidManifest.xml:9:9-35
18    <uses-permission
18-->src/main/AndroidManifest.xml:10:5-11:58
19        android:name="android.permission.BLUETOOTH_SCAN"
19-->src/main/AndroidManifest.xml:10:22-70
20        android:usesPermissionFlags="neverForLocation" />
20-->src/main/AndroidManifest.xml:11:9-55
21    <uses-permission android:name="android.permission.BLUETOOTH_CONNECT" />
21-->src/main/AndroidManifest.xml:12:5-76
21-->src/main/AndroidManifest.xml:12:22-73
22    <uses-permission
22-->src/main/AndroidManifest.xml:13:5-14:38
23        android:name="android.permission.ACCESS_FINE_LOCATION"
23-->src/main/AndroidManifest.xml:13:22-76
24        android:maxSdkVersion="30" />
24-->src/main/AndroidManifest.xml:14:9-35
25
26    <!-- USB -->
27    <uses-permission android:name="android.permission.USB_PERMISSION" />
27-->src/main/AndroidManifest.xml:17:5-18:47
27-->src/main/AndroidManifest.xml:17:22-70
28
29    <!-- Billing -->
30    <uses-permission android:name="com.android.vending.BILLING" />
30-->src/main/AndroidManifest.xml:21:5-67
30-->src/main/AndroidManifest.xml:21:22-64
31
32    <!-- Optional hardware features -->
33    <uses-feature
33-->src/main/AndroidManifest.xml:24:5-25:36
34        android:name="android.hardware.bluetooth_le"
34-->src/main/AndroidManifest.xml:24:19-63
35        android:required="false" />
35-->src/main/AndroidManifest.xml:25:9-33
36    <uses-feature
36-->src/main/AndroidManifest.xml:26:5-27:36
37        android:name="android.hardware.usb.host"
37-->src/main/AndroidManifest.xml:26:19-59
38        android:required="false" />
38-->src/main/AndroidManifest.xml:27:9-33
39    <uses-feature
39-->src/main/AndroidManifest.xml:28:5-29:35
40        android:name="android.software.midi"
40-->src/main/AndroidManifest.xml:28:19-55
41        android:required="true" />
41-->src/main/AndroidManifest.xml:29:9-32
42
43    <queries>
43-->[com.android.billingclient:billing:6.1.0] AndroidManifest.xml:12:5-16:15
44        <intent>
44-->[com.android.billingclient:billing:6.1.0] AndroidManifest.xml:13:9-15:18
45            <action android:name="com.android.vending.billing.InAppBillingService.BIND" />
45-->[com.android.billingclient:billing:6.1.0] AndroidManifest.xml:14:13-91
45-->[com.android.billingclient:billing:6.1.0] AndroidManifest.xml:14:21-88
46        </intent>
47    </queries>
48
49    <permission
49-->[androidx.core:core:1.12.0] AndroidManifest.xml:22:5-24:47
50        android:name="com.gearboard.DYNAMIC_RECEIVER_NOT_EXPORTED_PERMISSION"
50-->[androidx.core:core:1.12.0] AndroidManifest.xml:23:9-81
51        android:protectionLevel="signature" />
51-->[androidx.core:core:1.12.0] AndroidManifest.xml:24:9-44
52
53    <uses-permission android:name="com.gearboard.DYNAMIC_RECEIVER_NOT_EXPORTED_PERMISSION" /> <!-- Although the *SdkVersion is captured in gradle build files, this is required for non gradle builds -->
53-->[androidx.core:core:1.12.0] AndroidManifest.xml:26:5-97
53-->[androidx.core:core:1.12.0] AndroidManifest.xml:26:22-94
54    <!-- <uses-sdk android:minSdkVersion="14"/> -->
55    <uses-permission android:name="android.permission.ACCESS_NETWORK_STATE" />
55-->[com.google.android.datatransport:transport-backend-cct:3.1.8] AndroidManifest.xml:24:5-79
55-->[com.google.android.datatransport:transport-backend-cct:3.1.8] AndroidManifest.xml:24:22-76
56    <uses-permission android:name="android.permission.INTERNET" />
56-->[com.google.android.datatransport:transport-backend-cct:3.1.8] AndroidManifest.xml:25:5-67
56-->[com.google.android.datatransport:transport-backend-cct:3.1.8] AndroidManifest.xml:25:22-64
57
58    <application
58-->src/main/AndroidManifest.xml:31:5-63:19
59        android:name="com.gearboard.GearBoardApplication"
59-->src/main/AndroidManifest.xml:32:9-45
60        android:allowBackup="true"
60-->src/main/AndroidManifest.xml:33:9-35
61        android:appComponentFactory="androidx.core.app.CoreComponentFactory"
61-->[androidx.core:core:1.12.0] AndroidManifest.xml:28:18-86
62        android:debuggable="true"
63        android:extractNativeLibs="false"
64        android:icon="@mipmap/ic_launcher"
64-->src/main/AndroidManifest.xml:34:9-43
65        android:label="GearBoard"
65-->src/main/AndroidManifest.xml:35:9-34
66        android:roundIcon="@mipmap/ic_launcher_round"
66-->src/main/AndroidManifest.xml:36:9-54
67        android:supportsRtl="true"
67-->src/main/AndroidManifest.xml:37:9-35
68        android:theme="@style/Theme.GearBoard" >
68-->src/main/AndroidManifest.xml:38:9-47
69        <activity
69-->src/main/AndroidManifest.xml:41:9-62:20
70            android:name="com.gearboard.MainActivity"
70-->src/main/AndroidManifest.xml:42:13-41
71            android:configChanges="orientation|screenSize|screenLayout|keyboardHidden"
71-->src/main/AndroidManifest.xml:45:13-87
72            android:exported="true"
72-->src/main/AndroidManifest.xml:43:13-36
73            android:screenOrientation="fullSensor"
73-->src/main/AndroidManifest.xml:44:13-51
74            android:theme="@style/Theme.GearBoard"
74-->src/main/AndroidManifest.xml:47:13-51
75            android:windowSoftInputMode="adjustResize" >
75-->src/main/AndroidManifest.xml:46:13-55
76            <intent-filter>
76-->src/main/AndroidManifest.xml:49:13-52:29
77                <action android:name="android.intent.action.MAIN" />
77-->src/main/AndroidManifest.xml:50:17-69
77-->src/main/AndroidManifest.xml:50:25-66
78
79                <category android:name="android.intent.category.LAUNCHER" />
79-->src/main/AndroidManifest.xml:51:17-77
79-->src/main/AndroidManifest.xml:51:27-74
80            </intent-filter>
81
82            <!-- USB MIDI device attachment -->
83            <intent-filter>
83-->src/main/AndroidManifest.xml:55:13-57:29
84                <action android:name="android.hardware.usb.action.USB_DEVICE_ATTACHED" />
84-->src/main/AndroidManifest.xml:56:17-90
84-->src/main/AndroidManifest.xml:56:25-87
85            </intent-filter>
86
87            <meta-data
87-->src/main/AndroidManifest.xml:59:13-61:61
88                android:name="android.hardware.usb.action.USB_DEVICE_ATTACHED"
88-->src/main/AndroidManifest.xml:60:17-79
89                android:resource="@xml/usb_device_filter" />
89-->src/main/AndroidManifest.xml:61:17-58
90        </activity>
91        <activity
91-->[androidx.compose.ui:ui-tooling-android:1.6.1] AndroidManifest.xml:23:9-25:39
92            android:name="androidx.compose.ui.tooling.PreviewActivity"
92-->[androidx.compose.ui:ui-tooling-android:1.6.1] AndroidManifest.xml:24:13-71
93            android:exported="true" />
93-->[androidx.compose.ui:ui-tooling-android:1.6.1] AndroidManifest.xml:25:13-36
94
95        <meta-data
95-->[com.android.billingclient:billing:6.1.0] AndroidManifest.xml:19:9-21:37
96            android:name="com.google.android.play.billingclient.version"
96-->[com.android.billingclient:billing:6.1.0] AndroidManifest.xml:20:13-73
97            android:value="6.1.0" />
97-->[com.android.billingclient:billing:6.1.0] AndroidManifest.xml:21:13-34
98
99        <activity
99-->[com.android.billingclient:billing:6.1.0] AndroidManifest.xml:23:9-27:75
100            android:name="com.android.billingclient.api.ProxyBillingActivity"
100-->[com.android.billingclient:billing:6.1.0] AndroidManifest.xml:24:13-78
101            android:configChanges="keyboard|keyboardHidden|screenLayout|screenSize|orientation"
101-->[com.android.billingclient:billing:6.1.0] AndroidManifest.xml:25:13-96
102            android:exported="false"
102-->[com.android.billingclient:billing:6.1.0] AndroidManifest.xml:26:13-37
103            android:theme="@android:style/Theme.Translucent.NoTitleBar" />
103-->[com.android.billingclient:billing:6.1.0] AndroidManifest.xml:27:13-72
104        <activity
104-->[com.google.android.gms:play-services-base:18.0.1] AndroidManifest.xml:20:9-22:45
105            android:name="com.google.android.gms.common.api.GoogleApiActivity"
105-->[com.google.android.gms:play-services-base:18.0.1] AndroidManifest.xml:20:19-85
106            android:exported="false"
106-->[com.google.android.gms:play-services-base:18.0.1] AndroidManifest.xml:22:19-43
107            android:theme="@android:style/Theme.Translucent.NoTitleBar" />
107-->[com.google.android.gms:play-services-base:18.0.1] AndroidManifest.xml:21:19-78
108
109        <meta-data
109-->[com.google.android.gms:play-services-basement:18.0.1] AndroidManifest.xml:21:9-23:69
110            android:name="com.google.android.gms.version"
110-->[com.google.android.gms:play-services-basement:18.0.1] AndroidManifest.xml:22:13-58
111            android:value="@integer/google_play_services_version" />
111-->[com.google.android.gms:play-services-basement:18.0.1] AndroidManifest.xml:23:13-66
112
113        <provider
113-->[androidx.emoji2:emoji2:1.3.0] AndroidManifest.xml:24:9-32:20
114            android:name="androidx.startup.InitializationProvider"
114-->[androidx.emoji2:emoji2:1.3.0] AndroidManifest.xml:25:13-67
115            android:authorities="com.gearboard.androidx-startup"
115-->[androidx.emoji2:emoji2:1.3.0] AndroidManifest.xml:26:13-68
116            android:exported="false" >
116-->[androidx.emoji2:emoji2:1.3.0] AndroidManifest.xml:27:13-37
117            <meta-data
117-->[androidx.emoji2:emoji2:1.3.0] AndroidManifest.xml:29:13-31:52
118                android:name="androidx.emoji2.text.EmojiCompatInitializer"
118-->[androidx.emoji2:emoji2:1.3.0] AndroidManifest.xml:30:17-75
119                android:value="androidx.startup" />
119-->[androidx.emoji2:emoji2:1.3.0] AndroidManifest.xml:31:17-49
120            <meta-data
120-->[androidx.lifecycle:lifecycle-process:2.7.0] AndroidManifest.xml:29:13-31:52
121                android:name="androidx.lifecycle.ProcessLifecycleInitializer"
121-->[androidx.lifecycle:lifecycle-process:2.7.0] AndroidManifest.xml:30:17-78
122                android:value="androidx.startup" />
122-->[androidx.lifecycle:lifecycle-process:2.7.0] AndroidManifest.xml:31:17-49
123            <meta-data
123-->[androidx.profileinstaller:profileinstaller:1.3.0] AndroidManifest.xml:29:13-31:52
124                android:name="androidx.profileinstaller.ProfileInstallerInitializer"
124-->[androidx.profileinstaller:profileinstaller:1.3.0] AndroidManifest.xml:30:17-85
125                android:value="androidx.startup" />
125-->[androidx.profileinstaller:profileinstaller:1.3.0] AndroidManifest.xml:31:17-49
126        </provider>
127
128        <service
128-->[androidx.room:room-runtime:2.6.1] AndroidManifest.xml:24:9-28:63
129            android:name="androidx.room.MultiInstanceInvalidationService"
129-->[androidx.room:room-runtime:2.6.1] AndroidManifest.xml:25:13-74
130            android:directBootAware="true"
130-->[androidx.room:room-runtime:2.6.1] AndroidManifest.xml:26:13-43
131            android:exported="false" />
131-->[androidx.room:room-runtime:2.6.1] AndroidManifest.xml:27:13-37
132
133        <receiver
133-->[androidx.profileinstaller:profileinstaller:1.3.0] AndroidManifest.xml:34:9-52:20
134            android:name="androidx.profileinstaller.ProfileInstallReceiver"
134-->[androidx.profileinstaller:profileinstaller:1.3.0] AndroidManifest.xml:35:13-76
135            android:directBootAware="false"
135-->[androidx.profileinstaller:profileinstaller:1.3.0] AndroidManifest.xml:36:13-44
136            android:enabled="true"
136-->[androidx.profileinstaller:profileinstaller:1.3.0] AndroidManifest.xml:37:13-35
137            android:exported="true"
137-->[androidx.profileinstaller:profileinstaller:1.3.0] AndroidManifest.xml:38:13-36
138            android:permission="android.permission.DUMP" >
138-->[androidx.profileinstaller:profileinstaller:1.3.0] AndroidManifest.xml:39:13-57
139            <intent-filter>
139-->[androidx.profileinstaller:profileinstaller:1.3.0] AndroidManifest.xml:40:13-42:29
140                <action android:name="androidx.profileinstaller.action.INSTALL_PROFILE" />
140-->[androidx.profileinstaller:profileinstaller:1.3.0] AndroidManifest.xml:41:17-91
140-->[androidx.profileinstaller:profileinstaller:1.3.0] AndroidManifest.xml:41:25-88
141            </intent-filter>
142            <intent-filter>
142-->[androidx.profileinstaller:profileinstaller:1.3.0] AndroidManifest.xml:43:13-45:29
143                <action android:name="androidx.profileinstaller.action.SKIP_FILE" />
143-->[androidx.profileinstaller:profileinstaller:1.3.0] AndroidManifest.xml:44:17-85
143-->[androidx.profileinstaller:profileinstaller:1.3.0] AndroidManifest.xml:44:25-82
144            </intent-filter>
145            <intent-filter>
145-->[androidx.profileinstaller:profileinstaller:1.3.0] AndroidManifest.xml:46:13-48:29
146                <action android:name="androidx.profileinstaller.action.SAVE_PROFILE" />
146-->[androidx.profileinstaller:profileinstaller:1.3.0] AndroidManifest.xml:47:17-88
146-->[androidx.profileinstaller:profileinstaller:1.3.0] AndroidManifest.xml:47:25-85
147            </intent-filter>
148            <intent-filter>
148-->[androidx.profileinstaller:profileinstaller:1.3.0] AndroidManifest.xml:49:13-51:29
149                <action android:name="androidx.profileinstaller.action.BENCHMARK_OPERATION" />
149-->[androidx.profileinstaller:profileinstaller:1.3.0] AndroidManifest.xml:50:17-95
149-->[androidx.profileinstaller:profileinstaller:1.3.0] AndroidManifest.xml:50:25-92
150            </intent-filter>
151        </receiver>
152
153        <service
153-->[com.google.android.datatransport:transport-backend-cct:3.1.8] AndroidManifest.xml:28:9-34:19
154            android:name="com.google.android.datatransport.runtime.backends.TransportBackendDiscovery"
154-->[com.google.android.datatransport:transport-backend-cct:3.1.8] AndroidManifest.xml:29:13-103
155            android:exported="false" >
155-->[com.google.android.datatransport:transport-backend-cct:3.1.8] AndroidManifest.xml:30:13-37
156            <meta-data
156-->[com.google.android.datatransport:transport-backend-cct:3.1.8] AndroidManifest.xml:31:13-33:39
157                android:name="backend:com.google.android.datatransport.cct.CctBackendFactory"
157-->[com.google.android.datatransport:transport-backend-cct:3.1.8] AndroidManifest.xml:32:17-94
158                android:value="cct" />
158-->[com.google.android.datatransport:transport-backend-cct:3.1.8] AndroidManifest.xml:33:17-36
159        </service>
160        <service
160-->[com.google.android.datatransport:transport-runtime:3.1.8] AndroidManifest.xml:26:9-30:19
161            android:name="com.google.android.datatransport.runtime.scheduling.jobscheduling.JobInfoSchedulerService"
161-->[com.google.android.datatransport:transport-runtime:3.1.8] AndroidManifest.xml:27:13-117
162            android:exported="false"
162-->[com.google.android.datatransport:transport-runtime:3.1.8] AndroidManifest.xml:28:13-37
163            android:permission="android.permission.BIND_JOB_SERVICE" >
163-->[com.google.android.datatransport:transport-runtime:3.1.8] AndroidManifest.xml:29:13-69
164        </service>
165
166        <receiver
166-->[com.google.android.datatransport:transport-runtime:3.1.8] AndroidManifest.xml:32:9-34:40
167            android:name="com.google.android.datatransport.runtime.scheduling.jobscheduling.AlarmManagerSchedulerBroadcastReceiver"
167-->[com.google.android.datatransport:transport-runtime:3.1.8] AndroidManifest.xml:33:13-132
168            android:exported="false" />
168-->[com.google.android.datatransport:transport-runtime:3.1.8] AndroidManifest.xml:34:13-37
169    </application>
170
171</manifest>